<?xml version="1.0" encoding="UTF-8"?>
<ClientRequest RequestType="STATUS_CHECK">
    <var name="USER" value="root" />
    <var name="NLSPATH" value="/usr/dt/lib/nls/msg/%L/%N.cat" />
    <var name="XFILESEARCHPATH" value="/usr/dt/app-defaults/%L/Dt" />
    <var name="HOME" value="/root" />
    <var name="PWD" value="/root" />
    <var name="_" value="/usr/bin/java" />
    <var name="SHLVL" value="1" />
    <var name="LD_LIBRARY_PATH" value="/usr/java/jdk1.5.0_13/jre/lib/i386/client:/usr/java/jdk1.5.0_13/jre/lib/i386:/usr/java/jdk1.5.0_13/jre/../lib/i386" />
    <var name="SHELL" value="/bin/sh" />
    <var name="PATH" value="/usr/bin:/bin" />
    <var name="LOGNAME" value="root" />
    <var name="java.runtime.name" value="Java(TM) 2 Runtime Environment, Standard Edition" />
    <var name="sun.boot.library.path" value="/usr/java/jdk1.5.0_13/jre/lib/i386" />
    <var name="java.vm.version" value="1.5.0_13-b05" />
    <var name="java.util.prefs.syncInterval" value="2000000" />
    <var name="java.vm.vendor" value="Sun Microsystems Inc." />
    <var name="java.vendor.url" value="http://java.sun.com/" />
    <var name="path.separator" value=":" />
    <var name="java.vm.name" value="Java HotSpot(TM) Client VM" />
    <var name="file.encoding.pkg" value="sun.io" />
    <var name="sun.java.launcher" value="SUN_STANDARD" />
    <var name="user.country" value="US" />
    <var name="sun.os.patch.level" value="unknown" />
    <var name="java.vm.specification.name" value="Java Virtual Machine Specification" />
    <var name="user.dir" value="/root" />
    <var name="java.runtime.version" value="1.5.0_13-b05" />
    <var name="java.awt.graphicsenv" value="sun.awt.X11GraphicsEnvironment" />
    <var name="java.endorsed.dirs" value="/usr/java/jdk1.5.0_13/jre/lib/endorsed" />
    <var name="os.arch" value="i386" />
    <var name="java.io.tmpdir" value="/tmp" />
    <var name="line.separator" value=" " />
    <var name="java.vm.specification.vendor" value="Sun Microsystems Inc." />
    <var name="os.name" value="Linux" />
    <var name="sun.jnu.encoding" value="ANSI_X3.4-1968" />
    <var name="java.library.path" value="/usr/java/jdk1.5.0_13/jre/lib/i386/client:/usr/java/jdk1.5.0_13/jre/lib/i386:/usr/java/jdk1.5.0_13/jre/../lib/i386" />
    <var name="java.specification.name" value="Java Platform API Specification" />
    <var name="java.class.version" value="49.0" />
    <var name="sun.management.compiler" value="HotSpot Client Compiler" />
    <var name="os.version" value="2.6.18-164.el5" />
    <var name="user.home" value="/root" />
    <var name="user.timezone" value="" />
    <var name="java.awt.printerjob" value="sun.print.PSPrinterJob" />
    <var name="file.encoding" value="ANSI_X3.4-1968" />
    <var name="java.specification.version" value="1.5" />
    <var name="java.class.path" value="/var/central-services-client/central-services-client.jar" />
    <var name="user.name" value="root" />
    <var name="java.vm.specification.version" value="1.0" />
    <var name="java.home" value="/usr/java/jdk1.5.0_13/jre" />
    <var name="sun.arch.data.model" value="32" />
    <var name="user.language" value="en" />
    <var name="java.specification.vendor" value="Sun Microsystems Inc." />
    <var name="java.vm.info" value="mixed mode, sharing" />
    <var name="java.version" value="1.5.0_13" />
    <var name="java.ext.dirs" value="/usr/java/jdk1.5.0_13/jre/lib/ext" />
    <var name="sun.boot.class.path" value="/usr/java/jdk1.5.0_13/jre/lib/rt.jar:/usr/java/jdk1.5.0_13/jre/lib/i18n.jar:/usr/java/jdk1.5.0_13/jre/lib/sunrsasign.jar:/usr/java/jdk1.5.0_13/jre/lib/jsse.jar:/usr/java/jdk1.5.0_13/jre/lib/jce.jar:/usr/java/jdk1.5.0_13/jre/lib/charsets.jar:/usr/java/jdk1.5.0_13/jre/classes" />
    <var name="java.vendor" value="Sun Microsystems Inc." />
    <var name="file.separator" value="/" />
    <var name="java.vendor.url.bug" value="http://java.sun.com/cgi-bin/bugreport.cgi" />
    <var name="sun.io.unicode.encoding" value="UnicodeLittle" />
    <var name="sun.cpu.endian" value="little" />
    <var name="sun.cpu.isalist" value="" />
    <var name="MAC" value="00:30:48:9e:19:60" />
    <var name="CLIENT_NAME" value="judici-adams" />
    <var name="RELEASE" value="CentOS release 5.3 (Final)" />
    <report name="release" exec="/bin/cat /etc/redhat-release">CentOS release 5.3 (Final)</report>
    <report name="rpm_query" exec="/bin/rpm -qa | /bin/grep release">centos-release-5-3.el5.centos.1
        centos-release-notes-5.3-3
        rpmforge-release-0.3.6-1.el5.rf</report>
    <report name="ifconfig" exec="/sbin/ifconfig">eth0      Link encap:Ethernet  HWaddr 00:30:48:9E:19:60  
        inet addr:10.101.11.10  Bcast:10.101.255.255  Mask:255.255.0.0
        inet6 addr: fe80::230:48ff:fe9e:1960/64 Scope:Link
        UP BROADCAST RUNNING MULTICAST  MTU:1500  Metric:1
        RX packets:483105050 errors:0 dropped:0 overruns:0 frame:0
        TX packets:231403896 errors:0 dropped:0 overruns:0 carrier:0
        collisions:0 txqueuelen:1000 
        RX bytes:2291435346 (2.1 GiB)  TX bytes:844752401 (805.6 MiB)
        Interrupt:50 Base address:0xa000 
        
        lo        Link encap:Local Loopback  
        inet addr:127.0.0.1  Mask:255.0.0.0
        inet6 addr: ::1/128 Scope:Host
        UP LOOPBACK RUNNING  MTU:16436  Metric:1
        RX packets:7914791 errors:0 dropped:0 overruns:0 frame:0
        TX packets:7914791 errors:0 dropped:0 overruns:0 carrier:0
        collisions:0 txqueuelen:0 
        RX bytes:508877968 (485.3 MiB)  TX bytes:508877968 (485.3 MiB)
        
        tun1      Link encap:UNSPEC  HWaddr 00-00-00-00-00-00-00-00-00-00-00-00-00-00-00-00  
        inet addr:10.10.9.4  P-t-P:10.10.9.2  Mask:255.255.255.255
        UP POINTOPOINT RUNNING NOARP MULTICAST  MTU:1500  Metric:1
        RX packets:217644 errors:0 dropped:0 overruns:0 frame:0
        TX packets:305945 errors:0 dropped:0 overruns:0 carrier:0
        collisions:0 txqueuelen:100 
        RX bytes:15127948 (14.4 MiB)  TX bytes:44943142 (42.8 MiB)</report>
    <report name="route" exec="/sbin/route -n">Kernel IP routing table
        Destination     Gateway         Genmask         Flags Metric Ref    Use Iface
        10.10.9.2       0.0.0.0         255.255.255.255 UH    0      0        0 tun1
        10.10.9.1       10.10.9.2       255.255.255.255 UGH   0      0        0 tun1
        10.101.0.0      0.0.0.0         255.255.0.0     U     0      0        0 eth0
        169.254.0.0     0.0.0.0         255.255.0.0     U     0      0        0 eth0
        0.0.0.0         10.101.10.1     0.0.0.0         UG    0      0        0 eth0</report>
    <report name="free_space" exec="/bin/df">Filesystem           1K-blocks      Used Available Use% Mounted on
        /dev/hda1              7581016   1815048   5374652  26% /
        tmpfs                   513408         0    513408   0% /dev/shm</report>
    <report name="uptime" exec="/usr/bin/uptime">07:00:53 up 63 days, 10:29,  0 users,  load average: 0.01, 0.04, 0.06</report>
    <report name="psaux" exec="/bin/ps aux">USER       PID %CPU %MEM    VSZ   RSS TTY      STAT START   TIME COMMAND
        root         1  0.0  0.0   2064   636 ?        Ss   Mar10   0:00 init [3]                  
        root         2  0.0  0.0      0     0 ?        S&lt;   Mar10   0:00 [migration/0]
        root         3  0.0  0.0      0     0 ?        SN   Mar10   0:00 [ksoftirqd/0]
        root         4  0.0  0.0      0     0 ?        S&lt;   Mar10   0:00 [watchdog/0]
        root         5  0.0  0.0      0     0 ?        S&lt;   Mar10   0:00 [events/0]
        root         6  0.0  0.0      0     0 ?        S&lt;   Mar10   0:00 [khelper]
        root         7  0.0  0.0      0     0 ?        S&lt;   Mar10   0:00 [kthread]
        root        10  0.0  0.0      0     0 ?        S&lt;   Mar10   0:01 [kblockd/0]
        root        11  0.0  0.0      0     0 ?        S&lt;   Mar10   0:00 [kacpid]
        root       112  0.0  0.0      0     0 ?        S&lt;   Mar10   0:00 [cqueue/0]
        root       115  0.0  0.0      0     0 ?        S&lt;   Mar10   0:00 [khubd]
        root       117  0.0  0.0      0     0 ?        S&lt;   Mar10   0:00 [kseriod]
        root       180  0.0  0.0      0     0 ?        S    Mar10   0:00 [pdflush]
        root       181  0.0  0.0      0     0 ?        S    Mar10   0:00 [pdflush]
        root       182  0.0  0.0      0     0 ?        S&lt;   Mar10   0:00 [kswapd0]
        root       183  0.0  0.0      0     0 ?        S&lt;   Mar10   0:00 [aio/0]
        root       346  0.0  0.0      0     0 ?        S&lt;   Mar10   0:00 [kpsmoused]
        root       369  0.0  0.0      0     0 ?        S&lt;   Mar10   0:00 [ata/0]
        root       370  0.0  0.0      0     0 ?        S&lt;   Mar10   0:00 [ata_aux]
        root       373  0.0  0.0      0     0 ?        S&lt;   Mar10   0:00 [scsi_eh_0]
        root       374  0.0  0.0      0     0 ?        S&lt;   Mar10   0:00 [scsi_eh_1]
        root       381  0.0  0.0      0     0 ?        S&lt;   Mar10   0:00 [kstriped]
        root       390  0.0  0.0      0     0 ?        S&lt;   Mar10   2:02 [kjournald]
        root       417  0.0  0.0      0     0 ?        S&lt;   Mar10   0:00 [kauditd]
        root       451  0.0  0.0   2248   644 ?        S&lt;s  Mar10   0:00 /sbin/udevd -d
        root       786  0.0  0.0      0     0 ?        S&lt;   Mar10   0:00 [mpt_poll_0]
        root      1120  0.0  0.0      0     0 ?        S&lt;   Mar10   0:00 [scsi_eh_2]
        root      1315  0.0  0.0      0     0 ?        S&lt;   Mar10   0:00 [kmpathd/0]
        root      1316  0.0  0.0      0     0 ?        S&lt;   Mar10   0:00 [kmpath_handlerd]
        root      1825  0.0  0.0   1720   620 ?        Ss   Mar10   0:53 syslogd -m 0
        root      1828  0.0  0.0   1672   404 ?        Ss   Mar10   0:00 klogd -x
        rpc       1877  0.0  0.0   1808   556 ?        Ss   Mar10   0:00 portmap
        root      1909  0.0  0.0      0     0 ?        S&lt;   Mar10   0:00 [rpciod/0]
        rpcuser   1915  0.0  0.0   1860   736 ?        Ss   Mar10   0:00 rpc.statd
        root      1951  0.0  0.0   5512   596 ?        Ss   Mar10   0:00 rpc.idmapd
        dbus      2181  0.0  0.0   2740   952 ?        Ss   Mar10   0:21 dbus-daemon --system
        root      2217  0.0  0.2   5760  2204 ?        Ss   Mar10  11:52 /usr/sbin/openvpn --daemon --writepid /var/run/openvpn/judicivpn.pid --config judicivpn.conf --cd /etc/openvpn
        root      2271  0.0  0.1  12724  1296 ?        Ssl  Mar10   0:01 pcscd
        root      2305  0.0  0.0   1908   452 ?        Ss   Mar10   0:00 /usr/bin/hidd --server
        root      2328  0.0  0.1  11416  1168 ?        Ssl  Mar10   0:00 automount
        root      2352  0.0  0.0   1668   528 ?        Ss   Mar10   0:00 /usr/sbin/acpid
        root      2370  0.0  0.1   7060  1060 ?        Ss   Mar10   0:00 /usr/sbin/sshd
        root      2429  0.0  0.1   9200  1888 ?        Ss   Mar10   0:00 sendmail: accepting connections
        smmsp     2437  0.0  0.1   8132  1496 ?        Ss   Mar10   0:00 sendmail: Queue runner@01:00:00 for /var/spool/clientmqueue
        root      2453  0.0  0.0   1900   360 ?        Ss   Mar10   0:00 gpm -m /dev/input/mice -t exps2
        root      2468  0.0  0.1   5280  1112 ?        Ss   Mar10   0:01 crond
        root      2497  0.0  0.0   2264   444 ?        Ss   Mar10   0:00 /usr/sbin/atd
        avahi     2527  0.0  0.1   2588  1384 ?        Ss   Mar10   0:00 avahi-daemon: running [judici-adams.local]
        avahi     2528  0.0  0.0   2588   432 ?        Ss   Mar10   0:00 avahi-daemon: chroot helper
        68        2543  0.0  0.3   5608  3812 ?        Ss   Mar10   0:00 hald
        root      2544  0.0  0.1   3152  1104 ?        S    Mar10   0:00 hald-runner
        68        2553  0.0  0.0   2012   808 ?        S    Mar10   0:00 hald-addon-acpi: listening on acpid socket /var/run/acpid.socket
        root      2579  0.0  1.0  26588 11196 ?        SN   Mar10   0:43 /usr/bin/python -tt /usr/sbin/yum-updatesd
        root      2602  0.0  0.1   1724  1724 ?        SLs  Mar10   0:00 /usr/sbin/watchdog
        root      2606  0.0  0.0   1656   436 tty1     Ss+  Mar10   0:00 /sbin/mingetty tty1
        root      2607  0.0  0.0   1656   456 tty2     Ss+  Mar10   0:00 /sbin/mingetty tty2
        root      2608  0.0  0.0   1656   432 tty3     Ss+  Mar10   0:00 /sbin/mingetty tty3
        root      2609  0.0  0.0   1656   436 tty4     Ss+  Mar10   0:00 /sbin/mingetty tty4
        root      2610  0.0  0.0   1656   428 tty5     Ss+  Mar10   0:00 /sbin/mingetty tty5
        root      2641  0.0  0.0   1656   432 tty6     Ss+  Mar10   0:00 /sbin/mingetty tty6
        root      2663  0.0  0.1   2684  1340 ?        SN   Mar10   0:00 /usr/libexec/gam_server
        ntp      17888  0.0  0.4   4292  4292 ?        SLs  06:01   0:00 ntpd -u ntp:ntp -p /var/run/ntpd.pid
        root     18530  0.0  0.0  12064   636 ?        Sl   06:30   0:00 /var/gal-reflector/lib/./wrapper /var/gal-reflector/lib/wrapper.conf wrapper.syslog.ident=gal-reflector wrapper.pidfile=/var/gal-reflector.pid wrapper.daemonize=TRUE wrapper.lockfile=/var/lock/subsys/gal-reflector
        root     18532  0.0  2.2 279064 23036 ?        Sl   06:30   0:00 java -Djava.library.path=../lib -classpath ./wrapper.jar:../gal-reflector.jar -Dwrapper.key=ImU_ReAW7lX61RYR -Dwrapper.port=32000 -Dwrapper.jvm.port.min=31000 -Dwrapper.jvm.port.max=31999 -Dwrapper.pid=18530 -Dwrapper.version=3.2.3 -Dwrapper.native_library=wrapper -Dwrapper.service=TRUE -Dwrapper.cpu.timeout=10 -Dwrapper.jvmid=1 org.tanukisoftware.wrapper.WrapperSimpleApp com.goodinassociates.reflector.GALReflector
        root     19175  0.0  0.1   5856  1472 ?        S    07:00   0:00 crond
        root     19176  0.6  1.7 264568 17584 ?        Ssl  07:00   0:00 java -jar /var/central-services-client/central-services-client.jar --level WARNING
        root     19236  0.0  0.0      0     0 ?        Z    07:00   0:00 [watchdog] &lt;defunct&gt;
        root     19252  0.0  0.0   2176   832 ?        R    07:00   0:00 /bin/ps aux
        root     28331  0.0  0.0  12064   632 ?        Sl   May12   0:00 /var/judici-court/lib/./wrapper /var/judici-court/lib/wrapper.conf wrapper.syslog.ident=judici-courts wrapper.pidfile=/var/judici-courts.pid wrapper.daemonize=TRUE wrapper.lockfile=/var/lock/subsys/judici-courts
        root     28333  0.0  4.6 259396 47996 ?        Sl   May12   0:37 java -agentpath:../lib/libyjpagent.so=delay=10000 -Djava.library.path=../lib -classpath ./wrapper.jar:../judici-court.jar -Dwrapper.key=OxkfNAbiU4DZfIcY -Dwrapper.port=32001 -Dwrapper.jvm.port.min=31000 -Dwrapper.jvm.port.max=31999 -Dwrapper.pid=28331 -Dwrapper.version=3.2.3 -Dwrapper.native_library=wrapper -Dwrapper.service=TRUE -Dwrapper.cpu.timeout=10 -Dwrapper.jvmid=1 org.tanukisoftware.wrapper.WrapperSimpleApp com.judici.courts.JudiciCourtsApplication
        root     32396  0.0  0.1   5860  1488 ?        S    May12   0:00 crond
        root     32398  0.0  0.0   2404   900 ?        Ss   May12   0:00 /bin/sh -c java -jar /var/judici-dumpmanager/judici-dumpmanager.jar sync=true &gt; /dev/null 
        root     32399  1.9  8.7 308044 90164 ?        Sl   May12  16:48 java -jar /var/judici-dumpmanager/judici-dumpmanager.jar sync=true
        smmsp    32421  0.0  0.2   8124  2976 ?        S    May12   0:00 /usr/sbin/sendmail -FCronDaemon -i -odi -oem -oi -t</report>
</ClientRequest>