<?xml version="1.0" encoding="UTF-8"?>
<!-- This is a basic test request file -->
<ClientRequest>
    <client.property name="name" value="host.example.com"/> 
</ClientRequest>